<?xml version="1.0" encoding="UTF-8"?>
<testng-results ignored="0" total="4" passed="4" failed="0" skipped="0">
  <reporter-output>
  </reporter-output>
  <suite started-at="2024-03-14T08:27:38 IST" name="Default suite" finished-at="2024-03-14T08:27:46 IST" duration-ms="7761">
    <groups>
    </groups>
    <test started-at="2024-03-14T08:27:38 IST" name="Default test" finished-at="2024-03-14T08:27:46 IST" duration-ms="7761">
      <class name="petstore.Pet">
        <test-method signature="createPet()[pri:1, instance:petstore.Pet@7205765b]" started-at="2024-03-14T08:27:38 IST" name="createPet" finished-at="2024-03-14T08:27:41 IST" duration-ms="3136" status="PASS">
          <reporter-output>
          </reporter-output>
        </test-method> <!-- createPet -->
        <test-method signature="getPet()[pri:2, instance:petstore.Pet@7205765b]" started-at="2024-03-14T08:27:41 IST" name="getPet" finished-at="2024-03-14T08:27:43 IST" duration-ms="1599" status="PASS">
          <reporter-output>
          </reporter-output>
        </test-method> <!-- getPet -->
        <test-method signature="updatePet()[pri:3, instance:petstore.Pet@7205765b]" started-at="2024-03-14T08:27:43 IST" name="updatePet" finished-at="2024-03-14T08:27:44 IST" duration-ms="1488" status="PASS">
          <reporter-output>
          </reporter-output>
        </test-method> <!-- updatePet -->
        <test-method signature="deletePet()[pri:4, instance:petstore.Pet@7205765b]" started-at="2024-03-14T08:27:44 IST" name="deletePet" finished-at="2024-03-14T08:27:46 IST" duration-ms="1486" status="PASS">
          <reporter-output>
          </reporter-output>
        </test-method> <!-- deletePet -->
      </class> <!-- petstore.Pet -->
    </test> <!-- Default test -->
  </suite> <!-- Default suite -->
</testng-results>
