<?xml version="1.0" encoding="UTF-8"?>
<!-- Generated by org.testng.reporters.JUnitXMLReporter -->
<testsuite ignored="0" hostname="RP" failures="0" tests="4" name="Default test" time="7.761" errors="0" timestamp="2024-03-14T08:27:46 IST">
  <testcase classname="petstore.Pet" name="createPet" time="3.136"/>
  <testcase classname="petstore.Pet" name="getPet" time="1.599"/>
  <testcase classname="petstore.Pet" name="updatePet" time="1.488"/>
  <testcase classname="petstore.Pet" name="deletePet" time="1.486"/>
</testsuite> <!-- Default test -->
