<?xml version="1.0" encoding="UTF-8"?>
<!-- Generated by org.testng.reporters.JUnitReportReporter -->
<testsuite hostname="RP" failures="0" tests="4" name="petstore.Pet" time="7.709" errors="0" timestamp="2024-03-14T08:27:46 IST" skipped="0">
  <testcase classname="petstore.Pet" name="createPet" time="3.136"/>
  <system-out/>
  <testcase classname="petstore.Pet" name="getPet" time="1.599"/>
  <system-out/>
  <testcase classname="petstore.Pet" name="updatePet" time="1.488"/>
  <system-out/>
  <testcase classname="petstore.Pet" name="deletePet" time="1.486"/>
  <system-out/>
</testsuite> <!-- petstore.Pet -->
